# JRE version: Java(TM) SE Runtime Environment (8.0_101-b13) (build 1.8.0_101-b13)
# Java VM: Java HotSpot(TM) Client VM (25.101-b13 mixed mode, sharing windows-x86 )
Heap:
 def new generation   total 11264K, used 1672K [0x03c00000, 0x04830000, 0x09150000)
  eden space 10048K,   4% used [0x03c00000, 0x03c720e8, 0x045d0000)
  from space 1216K, 100% used [0x04700000, 0x04830000, 0x04830000)
  to   space 1216K,   0% used [0x045d0000, 0x045d0000, 0x04700000)
 tenured generation   total 24820K, used 15426K [0x09150000, 0x0a98d000, 0x13c00000)
   the space 24820K,  62% used [0x09150000, 0x0a060908, 0x0a060a00, 0x0a98d000)
 Metaspace       used 5115K, capacity 5479K, committed 5504K, reserved 5504K
GC Heap History (10 events):
Event: 0.837 GC heap before
{Heap before GC invocations=3 (full 0):
 def new generation   total 4928K, used 2541K [0x03c00000, 0x04150000, 0x09150000)
  eden space 4416K,  45% used [0x03c00000, 0x03dfb518, 0x04050000)
  from space 512K, 100% used [0x040d0000, 0x04150000, 0x04150000)
  to   space 512K,   0% used [0x04050000, 0x04050000, 0x040d0000)
 tenured generation   total 10944K, used 4298K [0x09150000, 0x09c00000, 0x13c00000)
   the space 10944K,  39% used [0x09150000, 0x09582870, 0x09582a00, 0x09c00000)
 Metaspace       used 3451K, capacity 4329K, committed 4416K, reserved 4480K
Event: 0.842 GC heap after
Heap after GC invocations=4 (full 0):
 def new generation   total 4928K, used 512K [0x03c00000, 0x04150000, 0x09150000)
  eden space 4416K,   0% used [0x03c00000, 0x03c00000, 0x04050000)
  from space 512K, 100% used [0x04050000, 0x040d0000, 0x040d0000)
  to   space 512K,   0% used [0x040d0000, 0x040d0000, 0x04150000)
 tenured generation   total 10944K, used 5104K [0x09150000, 0x09c00000, 0x13c00000)
   the space 10944K,  46% used [0x09150000, 0x0964c200, 0x0964c200, 0x09c00000)
 Metaspace       used 3451K, capacity 4329K, committed 4416K, reserved 4480K
}
Event: 0.868 GC heap before
{Heap before GC invocations=4 (full 0):
 def new generation   total 4928K, used 4928K [0x03c00000, 0x04150000, 0x09150000)
  eden space 4416K, 100% used [0x03c00000, 0x04050000, 0x04050000)
  from space 512K, 100% used [0x04050000, 0x040d0000, 0x040d0000)
  to   space 512K,   0% used [0x040d0000, 0x040d0000, 0x04150000)
 tenured generation   total 10944K, used 5104K [0x09150000, 0x09c00000, 0x13c00000)
   the space 10944K,  46% used [0x09150000, 0x0964c200, 0x0964c200, 0x09c00000)
 Metaspace       used 3552K, capacity 4329K, committed 4416K, reserved 4480K
Event: 0.877 GC heap after
Heap after GC invocations=5 (full 0):
 def new generation   total 4928K, used 138K [0x03c00000, 0x04150000, 0x09150000)
  eden space 4416K,   0% used [0x03c00000, 0x03c00000, 0x04050000)
  from space 512K,  27% used [0x040d0000, 0x040f2a60, 0x04150000)
  to   space 512K,   0% used [0x04050000, 0x04050000, 0x040d0000)
 tenured generation   total 10944K, used 9725K [0x09150000, 0x09c00000, 0x13c00000)
   the space 10944K,  88% used [0x09150000, 0x09acf758, 0x09acf800, 0x09c00000)
 Metaspace       used 3552K, capacity 4329K, committed 4416K, reserved 4480K
}
Event: 3.874 GC heap before
{Heap before GC invocations=5 (full 0):
 def new generation   total 4928K, used 3326K [0x03c00000, 0x04150000, 0x09150000)
  eden space 4416K,  72% used [0x03c00000, 0x03f1ceb8, 0x04050000)
  from space 512K,  27% used [0x040d0000, 0x040f2a60, 0x04150000)
  to   space 512K,   0% used [0x04050000, 0x04050000, 0x040d0000)
 tenured generation   total 10944K, used 9725K [0x09150000, 0x09c00000, 0x13c00000)
   the space 10944K,  88% used [0x09150000, 0x09acf758, 0x09acf800, 0x09c00000)
 Metaspace       used 3838K, capacity 4354K, committed 4416K, reserved 4480K
Event: 3.878 GC heap after
Heap after GC invocations=6 (full 0):
 def new generation   total 4928K, used 512K [0x03c00000, 0x04150000, 0x09150000)
  eden space 4416K,   0% used [0x03c00000, 0x03c00000, 0x04050000)
  from space 512K, 100% used [0x04050000, 0x040d0000, 0x040d0000)
  to   space 512K,   0% used [0x040d0000, 0x040d0000, 0x04150000)
 tenured generation   total 10944K, used 10275K [0x09150000, 0x09c00000, 0x13c00000)
   the space 10944K,  93% used [0x09150000, 0x09b58e80, 0x09b59000, 0x09c00000)
 Metaspace       used 3838K, capacity 4354K, committed 4416K, reserved 4480K
}
Event: 3.908 GC heap before
{Heap before GC invocations=6 (full 0):
 def new generation   total 4928K, used 4928K [0x03c00000, 0x04150000, 0x09150000)
  eden space 4416K, 100% used [0x03c00000, 0x04050000, 0x04050000)
  from space 512K, 100% used [0x04050000, 0x040d0000, 0x040d0000)
  to   space 512K,   0% used [0x040d0000, 0x040d0000, 0x04150000)
 tenured generation   total 10944K, used 10275K [0x09150000, 0x09c00000, 0x13c00000)
   the space 10944K,  93% used [0x09150000, 0x09b58e80, 0x09b59000, 0x09c00000)
 Metaspace       used 3839K, capacity 4354K, committed 4416K, reserved 4480K
Event: 3.934 GC heap after
Heap after GC invocations=7 (full 1):
 def new generation   total 11264K, used 0K [0x03c00000, 0x04830000, 0x09150000)
  eden space 10048K,   0% used [0x03c00000, 0x03c00000, 0x045d0000)
  from space 1216K,   0% used [0x045d0000, 0x045d0000, 0x04700000)
  to   space 1216K,   0% used [0x04700000, 0x04700000, 0x04830000)
 tenured generation   total 24820K, used 14890K [0x09150000, 0x0a98d000, 0x13c00000)
   the space 24820K,  59% used [0x09150000, 0x09fda9f8, 0x09fdaa00, 0x0a98d000)
 Metaspace       used 3839K, capacity 4354K, committed 4416K, reserved 4480K
}
Event: 8.163 GC heap before
{Heap before GC invocations=7 (full 1):
 def new generation   total 11264K, used 10042K [0x03c00000, 0x04830000, 0x09150000)
  eden space 10048K,  99% used [0x03c00000, 0x045ce8d0, 0x045d0000)
  from space 1216K,   0% used [0x045d0000, 0x045d0000, 0x04700000)
  to   space 1216K,   0% used [0x04700000, 0x04700000, 0x04830000)
 tenured generation   total 24820K, used 14890K [0x09150000, 0x0a98d000, 0x13c00000)
   the space 24820K,  59% used [0x09150000, 0x09fda9f8, 0x09fdaa00, 0x0a98d000)
 Metaspace       used 5037K, capacity 5412K, committed 5504K, reserved 5504K
Event: 8.169 GC heap after
Heap after GC invocations=8 (full 1):
 def new generation   total 11264K, used 1216K [0x03c00000, 0x04830000, 0x09150000)
  eden space 10048K,   0% used [0x03c00000, 0x03c00000, 0x045d0000)
  from space 1216K, 100% used [0x04700000, 0x04830000, 0x04830000)
  to   space 1216K,   0% used [0x045d0000, 0x045d0000, 0x04700000)
 tenured generation   total 24820K, used 15426K [0x09150000, 0x0a98d000, 0x13c00000)
   the space 24820K,  62% used [0x09150000, 0x0a060908, 0x0a060a00, 0x0a98d000)
 Metaspace       used 5037K, capacity 5412K, committed 5504K, reserved 5504K
}

