# JRE version: Java(TM) SE Runtime Environment (8.0_101-b13) (build 1.8.0_101-b13)
# Java VM: Java HotSpot(TM) Client VM (25.101-b13 mixed mode, sharing windows-x86 )
Heap:
 def new generation   total 11136K, used 2288K [0x03c00000, 0x04810000, 0x09150000)
  eden space 9920K,  10% used [0x03c00000, 0x03d0c0a8, 0x045b0000)
  from space 1216K, 100% used [0x046e0000, 0x04810000, 0x04810000)
  to   space 1216K,   0% used [0x045b0000, 0x045b0000, 0x046e0000)
 tenured generation   total 24596K, used 15133K [0x09150000, 0x0a955000, 0x13c00000)
   the space 24596K,  61% used [0x09150000, 0x0a017728, 0x0a017800, 0x0a955000)
 Metaspace       used 5113K, capacity 5479K, committed 5504K, reserved 5504K
GC Heap History (10 events):
Event: 0.804 GC heap before
{Heap before GC invocations=3 (full 0):
 def new generation   total 4928K, used 2582K [0x03c00000, 0x04150000, 0x09150000)
  eden space 4416K,  46% used [0x03c00000, 0x03e05bc0, 0x04050000)
  from space 512K, 100% used [0x040d0000, 0x04150000, 0x04150000)
  to   space 512K,   0% used [0x04050000, 0x04050000, 0x040d0000)
 tenured generation   total 10944K, used 4297K [0x09150000, 0x09c00000, 0x13c00000)
   the space 10944K,  39% used [0x09150000, 0x09582538, 0x09582600, 0x09c00000)
 Metaspace       used 3465K, capacity 4331K, committed 4416K, reserved 4480K
Event: 0.810 GC heap after
Heap after GC invocations=4 (full 0):
 def new generation   total 4928K, used 512K [0x03c00000, 0x04150000, 0x09150000)
  eden space 4416K,   0% used [0x03c00000, 0x03c00000, 0x04050000)
  from space 512K, 100% used [0x04050000, 0x040d0000, 0x040d0000)
  to   space 512K,   0% used [0x040d0000, 0x040d0000, 0x04150000)
 tenured generation   total 10944K, used 5113K [0x09150000, 0x09c00000, 0x13c00000)
   the space 10944K,  46% used [0x09150000, 0x0964e678, 0x0964e800, 0x09c00000)
 Metaspace       used 3465K, capacity 4331K, committed 4416K, reserved 4480K
}
Event: 0.838 GC heap before
{Heap before GC invocations=4 (full 0):
 def new generation   total 4928K, used 4928K [0x03c00000, 0x04150000, 0x09150000)
  eden space 4416K, 100% used [0x03c00000, 0x04050000, 0x04050000)
  from space 512K, 100% used [0x04050000, 0x040d0000, 0x040d0000)
  to   space 512K,   0% used [0x040d0000, 0x040d0000, 0x04150000)
 tenured generation   total 10944K, used 5113K [0x09150000, 0x09c00000, 0x13c00000)
   the space 10944K,  46% used [0x09150000, 0x0964e678, 0x0964e800, 0x09c00000)
 Metaspace       used 3566K, capacity 4331K, committed 4416K, reserved 4480K
Event: 0.846 GC heap after
Heap after GC invocations=5 (full 0):
 def new generation   total 4928K, used 139K [0x03c00000, 0x04150000, 0x09150000)
  eden space 4416K,   0% used [0x03c00000, 0x03c00000, 0x04050000)
  from space 512K,  27% used [0x040d0000, 0x040f2e38, 0x04150000)
  to   space 512K,   0% used [0x04050000, 0x04050000, 0x040d0000)
 tenured generation   total 10944K, used 9734K [0x09150000, 0x09c00000, 0x13c00000)
   the space 10944K,  88% used [0x09150000, 0x09ad1b48, 0x09ad1c00, 0x09c00000)
 Metaspace       used 3566K, capacity 4331K, committed 4416K, reserved 4480K
}
Event: 6.219 GC heap before
{Heap before GC invocations=5 (full 0):
 def new generation   total 4928K, used 2820K [0x03c00000, 0x04150000, 0x09150000)
  eden space 4416K,  60% used [0x03c00000, 0x03e9e540, 0x04050000)
  from space 512K,  27% used [0x040d0000, 0x040f2e38, 0x04150000)
  to   space 512K,   0% used [0x04050000, 0x04050000, 0x040d0000)
 tenured generation   total 10944K, used 9734K [0x09150000, 0x09c00000, 0x13c00000)
   the space 10944K,  88% used [0x09150000, 0x09ad1b48, 0x09ad1c00, 0x09c00000)
 Metaspace       used 3835K, capacity 4349K, committed 4416K, reserved 4480K
Event: 6.223 GC heap after
Heap after GC invocations=6 (full 0):
 def new generation   total 4928K, used 512K [0x03c00000, 0x04150000, 0x09150000)
  eden space 4416K,   0% used [0x03c00000, 0x03c00000, 0x04050000)
  from space 512K, 100% used [0x04050000, 0x040d0000, 0x040d0000)
  to   space 512K,   0% used [0x040d0000, 0x040d0000, 0x04150000)
 tenured generation   total 10944K, used 10130K [0x09150000, 0x09c00000, 0x13c00000)
   the space 10944K,  92% used [0x09150000, 0x09b34900, 0x09b34a00, 0x09c00000)
 Metaspace       used 3835K, capacity 4349K, committed 4416K, reserved 4480K
}
Event: 6.254 GC heap before
{Heap before GC invocations=6 (full 0):
 def new generation   total 4928K, used 4928K [0x03c00000, 0x04150000, 0x09150000)
  eden space 4416K, 100% used [0x03c00000, 0x04050000, 0x04050000)
  from space 512K, 100% used [0x04050000, 0x040d0000, 0x040d0000)
  to   space 512K,   0% used [0x040d0000, 0x040d0000, 0x04150000)
 tenured generation   total 10944K, used 10130K [0x09150000, 0x09c00000, 0x13c00000)
   the space 10944K,  92% used [0x09150000, 0x09b34900, 0x09b34a00, 0x09c00000)
 Metaspace       used 3837K, capacity 4351K, committed 4416K, reserved 4480K
Event: 6.279 GC heap after
Heap after GC invocations=7 (full 1):
 def new generation   total 11136K, used 0K [0x03c00000, 0x04810000, 0x09150000)
  eden space 9920K,   0% used [0x03c00000, 0x03c00000, 0x045b0000)
  from space 1216K,   0% used [0x045b0000, 0x045b0000, 0x046e0000)
  to   space 1216K,   0% used [0x046e0000, 0x046e0000, 0x04810000)
 tenured generation   total 24596K, used 14755K [0x09150000, 0x0a955000, 0x13c00000)
   the space 24596K,  59% used [0x09150000, 0x09fb8ec8, 0x09fb9000, 0x0a955000)
 Metaspace       used 3837K, capacity 4351K, committed 4416K, reserved 4480K
}
Event: 10.256 GC heap before
{Heap before GC invocations=7 (full 1):
 def new generation   total 11136K, used 9920K [0x03c00000, 0x04810000, 0x09150000)
  eden space 9920K, 100% used [0x03c00000, 0x045b0000, 0x045b0000)
  from space 1216K,   0% used [0x045b0000, 0x045b0000, 0x046e0000)
  to   space 1216K,   0% used [0x046e0000, 0x046e0000, 0x04810000)
 tenured generation   total 24596K, used 14755K [0x09150000, 0x0a955000, 0x13c00000)
   the space 24596K,  59% used [0x09150000, 0x09fb8ec8, 0x09fb9000, 0x0a955000)
 Metaspace       used 4960K, capacity 5348K, committed 5376K, reserved 5504K
Event: 10.260 GC heap after
Heap after GC invocations=8 (full 1):
 def new generation   total 11136K, used 1216K [0x03c00000, 0x04810000, 0x09150000)
  eden space 9920K,   0% used [0x03c00000, 0x03c00000, 0x045b0000)
  from space 1216K, 100% used [0x046e0000, 0x04810000, 0x04810000)
  to   space 1216K,   0% used [0x045b0000, 0x045b0000, 0x046e0000)
 tenured generation   total 24596K, used 15133K [0x09150000, 0x0a955000, 0x13c00000)
   the space 24596K,  61% used [0x09150000, 0x0a017728, 0x0a017800, 0x0a955000)
 Metaspace       used 4960K, capacity 5348K, committed 5376K, reserved 5504K
}

