# JRE version: Java(TM) SE Runtime Environment (8.0_101-b13) (build 1.8.0_101-b13)
# Java VM: Java HotSpot(TM) Client VM (25.101-b13 mixed mode, sharing windows-x86 )
Heap:
 def new generation   total 11200K, used 1663K [0x03c00000, 0x04820000, 0x09150000)
  eden space 9984K,   4% used [0x03c00000, 0x03c6fc38, 0x045c0000)
  from space 1216K, 100% used [0x046f0000, 0x04820000, 0x04820000)
  to   space 1216K,   0% used [0x045c0000, 0x045c0000, 0x046f0000)
 tenured generation   total 24808K, used 15421K [0x09150000, 0x0a98a000, 0x13c00000)
   the space 24808K,  62% used [0x09150000, 0x0a05f448, 0x0a05f600, 0x0a98a000)
 Metaspace       used 5113K, capacity 5479K, committed 5504K, reserved 5504K
GC Heap History (10 events):
Event: 1.182 GC heap before
{Heap before GC invocations=3 (full 0):
 def new generation   total 4928K, used 2605K [0x03c00000, 0x04150000, 0x09150000)
  eden space 4416K,  47% used [0x03c00000, 0x03e0b6d0, 0x04050000)
  from space 512K, 100% used [0x040d0000, 0x04150000, 0x04150000)
  to   space 512K,   0% used [0x04050000, 0x04050000, 0x040d0000)
 tenured generation   total 10944K, used 4298K [0x09150000, 0x09c00000, 0x13c00000)
   the space 10944K,  39% used [0x09150000, 0x09582908, 0x09582a00, 0x09c00000)
 Metaspace       used 3468K, capacity 4331K, committed 4416K, reserved 4480K
Event: 1.187 GC heap after
Heap after GC invocations=4 (full 0):
 def new generation   total 4928K, used 512K [0x03c00000, 0x04150000, 0x09150000)
  eden space 4416K,   0% used [0x03c00000, 0x03c00000, 0x04050000)
  from space 512K, 100% used [0x04050000, 0x040d0000, 0x040d0000)
  to   space 512K,   0% used [0x040d0000, 0x040d0000, 0x04150000)
 tenured generation   total 10944K, used 5113K [0x09150000, 0x09c00000, 0x13c00000)
   the space 10944K,  46% used [0x09150000, 0x0964e760, 0x0964e800, 0x09c00000)
 Metaspace       used 3468K, capacity 4331K, committed 4416K, reserved 4480K
}
Event: 1.215 GC heap before
{Heap before GC invocations=4 (full 0):
 def new generation   total 4928K, used 4928K [0x03c00000, 0x04150000, 0x09150000)
  eden space 4416K, 100% used [0x03c00000, 0x04050000, 0x04050000)
  from space 512K, 100% used [0x04050000, 0x040d0000, 0x040d0000)
  to   space 512K,   0% used [0x040d0000, 0x040d0000, 0x04150000)
 tenured generation   total 10944K, used 5113K [0x09150000, 0x09c00000, 0x13c00000)
   the space 10944K,  46% used [0x09150000, 0x0964e760, 0x0964e800, 0x09c00000)
 Metaspace       used 3569K, capacity 4331K, committed 4416K, reserved 4480K
Event: 1.223 GC heap after
Heap after GC invocations=5 (full 0):
 def new generation   total 4928K, used 139K [0x03c00000, 0x04150000, 0x09150000)
  eden space 4416K,   0% used [0x03c00000, 0x03c00000, 0x04050000)
  from space 512K,  27% used [0x040d0000, 0x040f2e78, 0x04150000)
  to   space 512K,   0% used [0x04050000, 0x04050000, 0x040d0000)
 tenured generation   total 10944K, used 9735K [0x09150000, 0x09c00000, 0x13c00000)
   the space 10944K,  88% used [0x09150000, 0x09ad1c30, 0x09ad1e00, 0x09c00000)
 Metaspace       used 3569K, capacity 4331K, committed 4416K, reserved 4480K
}
Event: 4.762 GC heap before
{Heap before GC invocations=5 (full 0):
 def new generation   total 4928K, used 3068K [0x03c00000, 0x04150000, 0x09150000)
  eden space 4416K,  66% used [0x03c00000, 0x03edc318, 0x04050000)
  from space 512K,  27% used [0x040d0000, 0x040f2e78, 0x04150000)
  to   space 512K,   0% used [0x04050000, 0x04050000, 0x040d0000)
 tenured generation   total 10944K, used 9735K [0x09150000, 0x09c00000, 0x13c00000)
   the space 10944K,  88% used [0x09150000, 0x09ad1c30, 0x09ad1e00, 0x09c00000)
 Metaspace       used 3835K, capacity 4349K, committed 4416K, reserved 4480K
Event: 4.766 GC heap after
Heap after GC invocations=6 (full 0):
 def new generation   total 4928K, used 512K [0x03c00000, 0x04150000, 0x09150000)
  eden space 4416K,   0% used [0x03c00000, 0x03c00000, 0x04050000)
  from space 512K, 100% used [0x04050000, 0x040d0000, 0x040d0000)
  to   space 512K,   0% used [0x040d0000, 0x040d0000, 0x04150000)
 tenured generation   total 10944K, used 10263K [0x09150000, 0x09c00000, 0x13c00000)
   the space 10944K,  93% used [0x09150000, 0x09b55fb8, 0x09b56000, 0x09c00000)
 Metaspace       used 3835K, capacity 4349K, committed 4416K, reserved 4480K
}
Event: 4.796 GC heap before
{Heap before GC invocations=6 (full 0):
 def new generation   total 4928K, used 4928K [0x03c00000, 0x04150000, 0x09150000)
  eden space 4416K, 100% used [0x03c00000, 0x04050000, 0x04050000)
  from space 512K, 100% used [0x04050000, 0x040d0000, 0x040d0000)
  to   space 512K,   0% used [0x040d0000, 0x040d0000, 0x04150000)
 tenured generation   total 10944K, used 10263K [0x09150000, 0x09c00000, 0x13c00000)
   the space 10944K,  93% used [0x09150000, 0x09b55fb8, 0x09b56000, 0x09c00000)
 Metaspace       used 3837K, capacity 4351K, committed 4416K, reserved 4480K
Event: 4.822 GC heap after
Heap after GC invocations=7 (full 1):
 def new generation   total 11200K, used 0K [0x03c00000, 0x04820000, 0x09150000)
  eden space 9984K,   0% used [0x03c00000, 0x03c00000, 0x045c0000)
  from space 1216K,   0% used [0x045c0000, 0x045c0000, 0x046f0000)
  to   space 1216K,   0% used [0x046f0000, 0x046f0000, 0x04820000)
 tenured generation   total 24808K, used 14884K [0x09150000, 0x0a98a000, 0x13c00000)
   the space 24808K,  59% used [0x09150000, 0x09fd92f0, 0x09fd9400, 0x0a98a000)
 Metaspace       used 3837K, capacity 4351K, committed 4416K, reserved 4480K
}
Event: 8.666 GC heap before
{Heap before GC invocations=7 (full 1):
 def new generation   total 11200K, used 9979K [0x03c00000, 0x04820000, 0x09150000)
  eden space 9984K,  99% used [0x03c00000, 0x045bede8, 0x045c0000)
  from space 1216K,   0% used [0x045c0000, 0x045c0000, 0x046f0000)
  to   space 1216K,   0% used [0x046f0000, 0x046f0000, 0x04820000)
 tenured generation   total 24808K, used 14884K [0x09150000, 0x0a98a000, 0x13c00000)
   the space 24808K,  59% used [0x09150000, 0x09fd92f0, 0x09fd9400, 0x0a98a000)
 Metaspace       used 5035K, capacity 5412K, committed 5504K, reserved 5504K
Event: 8.670 GC heap after
Heap after GC invocations=8 (full 1):
 def new generation   total 11200K, used 1216K [0x03c00000, 0x04820000, 0x09150000)
  eden space 9984K,   0% used [0x03c00000, 0x03c00000, 0x045c0000)
  from space 1216K, 100% used [0x046f0000, 0x04820000, 0x04820000)
  to   space 1216K,   0% used [0x045c0000, 0x045c0000, 0x046f0000)
 tenured generation   total 24808K, used 15421K [0x09150000, 0x0a98a000, 0x13c00000)
   the space 24808K,  62% used [0x09150000, 0x0a05f448, 0x0a05f600, 0x0a98a000)
 Metaspace       used 5035K, capacity 5412K, committed 5504K, reserved 5504K
}

