# JRE version: Java(TM) SE Runtime Environment (8.0_101-b13) (build 1.8.0_101-b13)
# Java VM: Java HotSpot(TM) Client VM (25.101-b13 mixed mode, sharing windows-x86 )
Heap:
 def new generation   total 4928K, used 3240K [0x03c00000, 0x04150000, 0x09150000)
  eden space 4416K,  61% used [0x03c00000, 0x03eaa198, 0x04050000)
  from space 512K, 100% used [0x040d0000, 0x04150000, 0x04150000)
  to   space 512K,   0% used [0x04050000, 0x04050000, 0x040d0000)
 tenured generation   total 10944K, used 10467K [0x09150000, 0x09c00000, 0x13c00000)
   the space 10944K,  95% used [0x09150000, 0x09b88cf0, 0x09b88e00, 0x09c00000)
 Metaspace       used 5117K, capacity 5508K, committed 5632K, reserved 6528K
GC Heap History (10 events):
Event: 0.708 GC heap before
{Heap before GC invocations=2 (full 0):
 def new generation   total 4928K, used 4928K [0x03c00000, 0x04150000, 0x09150000)
  eden space 4416K, 100% used [0x03c00000, 0x04050000, 0x04050000)
  from space 512K, 100% used [0x04050000, 0x040d0000, 0x040d0000)
  to   space 512K,   0% used [0x040d0000, 0x040d0000, 0x04150000)
 tenured generation   total 10944K, used 2206K [0x09150000, 0x09c00000, 0x13c00000)
   the space 10944K,  20% used [0x09150000, 0x093779c0, 0x09377a00, 0x09c00000)
 Metaspace       used 3104K, capacity 4262K, committed 4288K, reserved 4480K
Event: 0.715 GC heap after
Heap after GC invocations=3 (full 0):
 def new generation   total 4928K, used 512K [0x03c00000, 0x04150000, 0x09150000)
  eden space 4416K,   0% used [0x03c00000, 0x03c00000, 0x04050000)
  from space 512K, 100% used [0x040d0000, 0x04150000, 0x04150000)
  to   space 512K,   0% used [0x04050000, 0x04050000, 0x040d0000)
 tenured generation   total 10944K, used 4310K [0x09150000, 0x09c00000, 0x13c00000)
   the space 10944K,  39% used [0x09150000, 0x095859b8, 0x09585a00, 0x09c00000)
 Metaspace       used 3104K, capacity 4262K, committed 4288K, reserved 4480K
}
Event: 0.842 GC heap before
{Heap before GC invocations=3 (full 0):
 def new generation   total 4928K, used 2012K [0x03c00000, 0x04150000, 0x09150000)
  eden space 4416K,  33% used [0x03c00000, 0x03d77040, 0x04050000)
  from space 512K, 100% used [0x040d0000, 0x04150000, 0x04150000)
  to   space 512K,   0% used [0x04050000, 0x04050000, 0x040d0000)
 tenured generation   total 10944K, used 4310K [0x09150000, 0x09c00000, 0x13c00000)
   the space 10944K,  39% used [0x09150000, 0x095859b8, 0x09585a00, 0x09c00000)
 Metaspace       used 3532K, capacity 4336K, committed 4416K, reserved 4480K
Event: 0.847 GC heap after
Heap after GC invocations=4 (full 0):
 def new generation   total 4928K, used 512K [0x03c00000, 0x04150000, 0x09150000)
  eden space 4416K,   0% used [0x03c00000, 0x03c00000, 0x04050000)
  from space 512K, 100% used [0x04050000, 0x040d0000, 0x040d0000)
  to   space 512K,   0% used [0x040d0000, 0x040d0000, 0x04150000)
 tenured generation   total 10944K, used 4888K [0x09150000, 0x09c00000, 0x13c00000)
   the space 10944K,  44% used [0x09150000, 0x096161d0, 0x09616200, 0x09c00000)
 Metaspace       used 3532K, capacity 4336K, committed 4416K, reserved 4480K
}
Event: 0.867 GC heap before
{Heap before GC invocations=4 (full 0):
 def new generation   total 4928K, used 4915K [0x03c00000, 0x04150000, 0x09150000)
  eden space 4416K,  99% used [0x03c00000, 0x0404cc70, 0x04050000)
  from space 512K, 100% used [0x04050000, 0x040d0000, 0x040d0000)
  to   space 512K,   0% used [0x040d0000, 0x040d0000, 0x04150000)
 tenured generation   total 10944K, used 4888K [0x09150000, 0x09c00000, 0x13c00000)
   the space 10944K,  44% used [0x09150000, 0x096161d0, 0x09616200, 0x09c00000)
 Metaspace       used 3620K, capacity 4344K, committed 4416K, reserved 4480K
Event: 0.874 GC heap after
Heap after GC invocations=5 (full 0):
 def new generation   total 4928K, used 70K [0x03c00000, 0x04150000, 0x09150000)
  eden space 4416K,   0% used [0x03c00000, 0x03c00000, 0x04050000)
  from space 512K,  13% used [0x040d0000, 0x040e1980, 0x04150000)
  to   space 512K,   0% used [0x04050000, 0x04050000, 0x040d0000)
 tenured generation   total 10944K, used 9508K [0x09150000, 0x09c00000, 0x13c00000)
   the space 10944K,  86% used [0x09150000, 0x09a992c8, 0x09a99400, 0x09c00000)
 Metaspace       used 3620K, capacity 4344K, committed 4416K, reserved 4480K
}
Event: 3.418 GC heap before
{Heap before GC invocations=5 (full 0):
 def new generation   total 4928K, used 4486K [0x03c00000, 0x04150000, 0x09150000)
  eden space 4416K, 100% used [0x03c00000, 0x04050000, 0x04050000)
  from space 512K,  13% used [0x040d0000, 0x040e1980, 0x04150000)
  to   space 512K,   0% used [0x04050000, 0x04050000, 0x040d0000)
 tenured generation   total 10944K, used 9508K [0x09150000, 0x09c00000, 0x13c00000)
   the space 10944K,  86% used [0x09150000, 0x09a992c8, 0x09a99400, 0x09c00000)
 Metaspace       used 3862K, capacity 4354K, committed 4416K, reserved 4480K
Event: 3.422 GC heap after
Heap after GC invocations=6 (full 0):
 def new generation   total 4928K, used 415K [0x03c00000, 0x04150000, 0x09150000)
  eden space 4416K,   0% used [0x03c00000, 0x03c00000, 0x04050000)
  from space 512K,  81% used [0x04050000, 0x040b7f00, 0x040d0000)
  to   space 512K,   0% used [0x040d0000, 0x040d0000, 0x04150000)
 tenured generation   total 10944K, used 9764K [0x09150000, 0x09c00000, 0x13c00000)
   the space 10944K,  89% used [0x09150000, 0x09ad92d8, 0x09ad9400, 0x09c00000)
 Metaspace       used 3862K, capacity 4354K, committed 4416K, reserved 4480K
}
Event: 3.994 GC heap before
{Heap before GC invocations=6 (full 0):
 def new generation   total 4928K, used 4831K [0x03c00000, 0x04150000, 0x09150000)
  eden space 4416K, 100% used [0x03c00000, 0x04050000, 0x04050000)
  from space 512K,  81% used [0x04050000, 0x040b7f00, 0x040d0000)
  to   space 512K,   0% used [0x040d0000, 0x040d0000, 0x04150000)
 tenured generation   total 10944K, used 9764K [0x09150000, 0x09c00000, 0x13c00000)
   the space 10944K,  89% used [0x09150000, 0x09ad92d8, 0x09ad9400, 0x09c00000)
 Metaspace       used 4780K, capacity 5188K, committed 5248K, reserved 5504K
Event: 3.998 GC heap after
Heap after GC invocations=7 (full 0):
 def new generation   total 4928K, used 512K [0x03c00000, 0x04150000, 0x09150000)
  eden space 4416K,   0% used [0x03c00000, 0x03c00000, 0x04050000)
  from space 512K, 100% used [0x040d0000, 0x04150000, 0x04150000)
  to   space 512K,   0% used [0x04050000, 0x04050000, 0x040d0000)
 tenured generation   total 10944K, used 10467K [0x09150000, 0x09c00000, 0x13c00000)
   the space 10944K,  95% used [0x09150000, 0x09b88cf0, 0x09b88e00, 0x09c00000)
 Metaspace       used 4780K, capacity 5188K, committed 5248K, reserved 5504K
}

