# JRE version: Java(TM) SE Runtime Environment (8.0_101-b13) (build 1.8.0_101-b13)
# Java VM: Java HotSpot(TM) Client VM (25.101-b13 mixed mode, sharing windows-x86 )
Heap:
 def new generation   total 11264K, used 1917K [0x03c00000, 0x04830000, 0x09150000)
  eden space 10048K,   6% used [0x03c00000, 0x03caf520, 0x045d0000)
  from space 1216K, 100% used [0x04700000, 0x04830000, 0x04830000)
  to   space 1216K,   0% used [0x045d0000, 0x045d0000, 0x04700000)
 tenured generation   total 24904K, used 15417K [0x09150000, 0x0a9a2000, 0x13c00000)
   the space 24904K,  61% used [0x09150000, 0x0a05e638, 0x0a05e800, 0x0a9a2000)
 Metaspace       used 5108K, capacity 5479K, committed 5504K, reserved 5504K
GC Heap History (10 events):
Event: 0.843 GC heap before
{Heap before GC invocations=3 (full 0):
 def new generation   total 4928K, used 2534K [0x03c00000, 0x04150000, 0x09150000)
  eden space 4416K,  45% used [0x03c00000, 0x03df9940, 0x04050000)
  from space 512K, 100% used [0x040d0000, 0x04150000, 0x04150000)
  to   space 512K,   0% used [0x04050000, 0x04050000, 0x040d0000)
 tenured generation   total 10944K, used 4298K [0x09150000, 0x09c00000, 0x13c00000)
   the space 10944K,  39% used [0x09150000, 0x09582820, 0x09582a00, 0x09c00000)
 Metaspace       used 3449K, capacity 4329K, committed 4416K, reserved 4480K
Event: 0.849 GC heap after
Heap after GC invocations=4 (full 0):
 def new generation   total 4928K, used 512K [0x03c00000, 0x04150000, 0x09150000)
  eden space 4416K,   0% used [0x03c00000, 0x03c00000, 0x04050000)
  from space 512K, 100% used [0x04050000, 0x040d0000, 0x040d0000)
  to   space 512K,   0% used [0x040d0000, 0x040d0000, 0x04150000)
 tenured generation   total 10944K, used 5102K [0x09150000, 0x09c00000, 0x13c00000)
   the space 10944K,  46% used [0x09150000, 0x0964ba30, 0x0964bc00, 0x09c00000)
 Metaspace       used 3449K, capacity 4329K, committed 4416K, reserved 4480K
}
Event: 0.874 GC heap before
{Heap before GC invocations=4 (full 0):
 def new generation   total 4928K, used 4915K [0x03c00000, 0x04150000, 0x09150000)
  eden space 4416K,  99% used [0x03c00000, 0x0404ce50, 0x04050000)
  from space 512K, 100% used [0x04050000, 0x040d0000, 0x040d0000)
  to   space 512K,   0% used [0x040d0000, 0x040d0000, 0x04150000)
 tenured generation   total 10944K, used 5102K [0x09150000, 0x09c00000, 0x13c00000)
   the space 10944K,  46% used [0x09150000, 0x0964ba30, 0x0964bc00, 0x09c00000)
 Metaspace       used 3521K, capacity 4329K, committed 4416K, reserved 4480K
Event: 0.883 GC heap after
Heap after GC invocations=5 (full 0):
 def new generation   total 4928K, used 46K [0x03c00000, 0x04150000, 0x09150000)
  eden space 4416K,   0% used [0x03c00000, 0x03c00000, 0x04050000)
  from space 512K,   9% used [0x040d0000, 0x040dba80, 0x04150000)
  to   space 512K,   0% used [0x04050000, 0x04050000, 0x040d0000)
 tenured generation   total 10944K, used 9723K [0x09150000, 0x09c00000, 0x13c00000)
   the space 10944K,  88% used [0x09150000, 0x09acef28, 0x09acf000, 0x09c00000)
 Metaspace       used 3521K, capacity 4329K, committed 4416K, reserved 4480K
}
Event: 4.453 GC heap before
{Heap before GC invocations=5 (full 0):
 def new generation   total 4928K, used 3446K [0x03c00000, 0x04150000, 0x09150000)
  eden space 4416K,  76% used [0x03c00000, 0x03f51db0, 0x04050000)
  from space 512K,   9% used [0x040d0000, 0x040dba80, 0x04150000)
  to   space 512K,   0% used [0x04050000, 0x04050000, 0x040d0000)
 tenured generation   total 10944K, used 9723K [0x09150000, 0x09c00000, 0x13c00000)
   the space 10944K,  88% used [0x09150000, 0x09acef28, 0x09acf000, 0x09c00000)
 Metaspace       used 3853K, capacity 4354K, committed 4416K, reserved 4480K
Event: 4.458 GC heap after
Heap after GC invocations=6 (full 0):
 def new generation   total 4928K, used 512K [0x03c00000, 0x04150000, 0x09150000)
  eden space 4416K,   0% used [0x03c00000, 0x03c00000, 0x04050000)
  from space 512K, 100% used [0x04050000, 0x040d0000, 0x040d0000)
  to   space 512K,   0% used [0x040d0000, 0x040d0000, 0x04150000)
 tenured generation   total 10944K, used 10325K [0x09150000, 0x09c00000, 0x13c00000)
   the space 10944K,  94% used [0x09150000, 0x09b655e0, 0x09b65600, 0x09c00000)
 Metaspace       used 3853K, capacity 4354K, committed 4416K, reserved 4480K
}
Event: 4.486 GC heap before
{Heap before GC invocations=6 (full 0):
 def new generation   total 4928K, used 4928K [0x03c00000, 0x04150000, 0x09150000)
  eden space 4416K, 100% used [0x03c00000, 0x04050000, 0x04050000)
  from space 512K, 100% used [0x04050000, 0x040d0000, 0x040d0000)
  to   space 512K,   0% used [0x040d0000, 0x040d0000, 0x04150000)
 tenured generation   total 10944K, used 10325K [0x09150000, 0x09c00000, 0x13c00000)
   the space 10944K,  94% used [0x09150000, 0x09b655e0, 0x09b65600, 0x09c00000)
 Metaspace       used 3853K, capacity 4354K, committed 4416K, reserved 4480K
Event: 4.511 GC heap after
Heap after GC invocations=7 (full 1):
 def new generation   total 11264K, used 0K [0x03c00000, 0x04830000, 0x09150000)
  eden space 10048K,   0% used [0x03c00000, 0x03c00000, 0x045d0000)
  from space 1216K,   0% used [0x045d0000, 0x045d0000, 0x04700000)
  to   space 1216K,   0% used [0x04700000, 0x04700000, 0x04830000)
 tenured generation   total 24904K, used 14941K [0x09150000, 0x0a9a2000, 0x13c00000)
   the space 24904K,  59% used [0x09150000, 0x09fe7488, 0x09fe7600, 0x0a9a2000)
 Metaspace       used 3853K, capacity 4354K, committed 4416K, reserved 4480K
}
Event: 8.633 GC heap before
{Heap before GC invocations=7 (full 1):
 def new generation   total 11264K, used 10048K [0x03c00000, 0x04830000, 0x09150000)
  eden space 10048K, 100% used [0x03c00000, 0x045d0000, 0x045d0000)
  from space 1216K,   0% used [0x045d0000, 0x045d0000, 0x04700000)
  to   space 1216K,   0% used [0x04700000, 0x04700000, 0x04830000)
 tenured generation   total 24904K, used 14941K [0x09150000, 0x0a9a2000, 0x13c00000)
   the space 24904K,  59% used [0x09150000, 0x09fe7488, 0x09fe7600, 0x0a9a2000)
 Metaspace       used 5030K, capacity 5412K, committed 5504K, reserved 5504K
Event: 8.638 GC heap after
Heap after GC invocations=8 (full 1):
 def new generation   total 11264K, used 1216K [0x03c00000, 0x04830000, 0x09150000)
  eden space 10048K,   0% used [0x03c00000, 0x03c00000, 0x045d0000)
  from space 1216K, 100% used [0x04700000, 0x04830000, 0x04830000)
  to   space 1216K,   0% used [0x045d0000, 0x045d0000, 0x04700000)
 tenured generation   total 24904K, used 15417K [0x09150000, 0x0a9a2000, 0x13c00000)
   the space 24904K,  61% used [0x09150000, 0x0a05e638, 0x0a05e800, 0x0a9a2000)
 Metaspace       used 5030K, capacity 5412K, committed 5504K, reserved 5504K
}

