# JRE version: Java(TM) SE Runtime Environment (8.0_101-b13) (build 1.8.0_101-b13)
# Java VM: Java HotSpot(TM) Client VM (25.101-b13 mixed mode, sharing windows-x86 )
Heap:
 def new generation   total 4928K, used 3280K [0x03c00000, 0x04150000, 0x09150000)
  eden space 4416K,  62% used [0x03c00000, 0x03eb4128, 0x04050000)
  from space 512K, 100% used [0x040d0000, 0x04150000, 0x04150000)
  to   space 512K,   0% used [0x04050000, 0x04050000, 0x040d0000)
 tenured generation   total 10944K, used 10460K [0x09150000, 0x09c00000, 0x13c00000)
   the space 10944K,  95% used [0x09150000, 0x09b871a8, 0x09b87200, 0x09c00000)
 Metaspace       used 5117K, capacity 5508K, committed 5632K, reserved 6528K
GC Heap History (10 events):
Event: 0.715 GC heap before
{Heap before GC invocations=2 (full 0):
 def new generation   total 4928K, used 4928K [0x03c00000, 0x04150000, 0x09150000)
  eden space 4416K, 100% used [0x03c00000, 0x04050000, 0x04050000)
  from space 512K, 100% used [0x04050000, 0x040d0000, 0x040d0000)
  to   space 512K,   0% used [0x040d0000, 0x040d0000, 0x04150000)
 tenured generation   total 10944K, used 2206K [0x09150000, 0x09c00000, 0x13c00000)
   the space 10944K,  20% used [0x09150000, 0x093779c0, 0x09377a00, 0x09c00000)
 Metaspace       used 3104K, capacity 4262K, committed 4288K, reserved 4480K
Event: 0.722 GC heap after
Heap after GC invocations=3 (full 0):
 def new generation   total 4928K, used 512K [0x03c00000, 0x04150000, 0x09150000)
  eden space 4416K,   0% used [0x03c00000, 0x03c00000, 0x04050000)
  from space 512K, 100% used [0x040d0000, 0x04150000, 0x04150000)
  to   space 512K,   0% used [0x04050000, 0x04050000, 0x040d0000)
 tenured generation   total 10944K, used 4311K [0x09150000, 0x09c00000, 0x13c00000)
   the space 10944K,  39% used [0x09150000, 0x09585da0, 0x09585e00, 0x09c00000)
 Metaspace       used 3104K, capacity 4262K, committed 4288K, reserved 4480K
}
Event: 0.848 GC heap before
{Heap before GC invocations=3 (full 0):
 def new generation   total 4928K, used 2031K [0x03c00000, 0x04150000, 0x09150000)
  eden space 4416K,  34% used [0x03c00000, 0x03d7bda0, 0x04050000)
  from space 512K, 100% used [0x040d0000, 0x04150000, 0x04150000)
  to   space 512K,   0% used [0x04050000, 0x04050000, 0x040d0000)
 tenured generation   total 10944K, used 4311K [0x09150000, 0x09c00000, 0x13c00000)
   the space 10944K,  39% used [0x09150000, 0x09585da0, 0x09585e00, 0x09c00000)
 Metaspace       used 3529K, capacity 4334K, committed 4416K, reserved 4480K
Event: 0.853 GC heap after
Heap after GC invocations=4 (full 0):
 def new generation   total 4928K, used 512K [0x03c00000, 0x04150000, 0x09150000)
  eden space 4416K,   0% used [0x03c00000, 0x03c00000, 0x04050000)
  from space 512K, 100% used [0x04050000, 0x040d0000, 0x040d0000)
  to   space 512K,   0% used [0x040d0000, 0x040d0000, 0x04150000)
 tenured generation   total 10944K, used 4882K [0x09150000, 0x09c00000, 0x13c00000)
   the space 10944K,  44% used [0x09150000, 0x09614a48, 0x09614c00, 0x09c00000)
 Metaspace       used 3529K, capacity 4334K, committed 4416K, reserved 4480K
}
Event: 0.873 GC heap before
{Heap before GC invocations=4 (full 0):
 def new generation   total 4928K, used 4928K [0x03c00000, 0x04150000, 0x09150000)
  eden space 4416K, 100% used [0x03c00000, 0x04050000, 0x04050000)
  from space 512K, 100% used [0x04050000, 0x040d0000, 0x040d0000)
  to   space 512K,   0% used [0x040d0000, 0x040d0000, 0x04150000)
 tenured generation   total 10944K, used 4882K [0x09150000, 0x09c00000, 0x13c00000)
   the space 10944K,  44% used [0x09150000, 0x09614a48, 0x09614c00, 0x09c00000)
 Metaspace       used 3620K, capacity 4344K, committed 4416K, reserved 4480K
Event: 0.880 GC heap after
Heap after GC invocations=5 (full 0):
 def new generation   total 4928K, used 62K [0x03c00000, 0x04150000, 0x09150000)
  eden space 4416K,   0% used [0x03c00000, 0x03c00000, 0x04050000)
  from space 512K,  12% used [0x040d0000, 0x040df8c8, 0x04150000)
  to   space 512K,   0% used [0x04050000, 0x04050000, 0x040d0000)
 tenured generation   total 10944K, used 9498K [0x09150000, 0x09c00000, 0x13c00000)
   the space 10944K,  86% used [0x09150000, 0x09a96ba8, 0x09a96c00, 0x09c00000)
 Metaspace       used 3620K, capacity 4344K, committed 4416K, reserved 4480K
}
Event: 2.703 GC heap before
{Heap before GC invocations=5 (full 0):
 def new generation   total 4928K, used 4478K [0x03c00000, 0x04150000, 0x09150000)
  eden space 4416K, 100% used [0x03c00000, 0x04050000, 0x04050000)
  from space 512K,  12% used [0x040d0000, 0x040df8c8, 0x04150000)
  to   space 512K,   0% used [0x04050000, 0x04050000, 0x040d0000)
 tenured generation   total 10944K, used 9498K [0x09150000, 0x09c00000, 0x13c00000)
   the space 10944K,  86% used [0x09150000, 0x09a96ba8, 0x09a96c00, 0x09c00000)
 Metaspace       used 3862K, capacity 4354K, committed 4416K, reserved 4480K
Event: 2.709 GC heap after
Heap after GC invocations=6 (full 0):
 def new generation   total 4928K, used 428K [0x03c00000, 0x04150000, 0x09150000)
  eden space 4416K,   0% used [0x03c00000, 0x03c00000, 0x04050000)
  from space 512K,  83% used [0x04050000, 0x040bb378, 0x040d0000)
  to   space 512K,   0% used [0x040d0000, 0x040d0000, 0x04150000)
 tenured generation   total 10944K, used 9754K [0x09150000, 0x09c00000, 0x13c00000)
   the space 10944K,  89% used [0x09150000, 0x09ad6bb8, 0x09ad6c00, 0x09c00000)
 Metaspace       used 3862K, capacity 4354K, committed 4416K, reserved 4480K
}
Event: 3.576 GC heap before
{Heap before GC invocations=6 (full 0):
 def new generation   total 4928K, used 4844K [0x03c00000, 0x04150000, 0x09150000)
  eden space 4416K, 100% used [0x03c00000, 0x04050000, 0x04050000)
  from space 512K,  83% used [0x04050000, 0x040bb378, 0x040d0000)
  to   space 512K,   0% used [0x040d0000, 0x040d0000, 0x04150000)
 tenured generation   total 10944K, used 9754K [0x09150000, 0x09c00000, 0x13c00000)
   the space 10944K,  89% used [0x09150000, 0x09ad6bb8, 0x09ad6c00, 0x09c00000)
 Metaspace       used 4776K, capacity 5188K, committed 5248K, reserved 5504K
Event: 3.580 GC heap after
Heap after GC invocations=7 (full 0):
 def new generation   total 4928K, used 512K [0x03c00000, 0x04150000, 0x09150000)
  eden space 4416K,   0% used [0x03c00000, 0x03c00000, 0x04050000)
  from space 512K, 100% used [0x040d0000, 0x04150000, 0x04150000)
  to   space 512K,   0% used [0x04050000, 0x04050000, 0x040d0000)
 tenured generation   total 10944K, used 10460K [0x09150000, 0x09c00000, 0x13c00000)
   the space 10944K,  95% used [0x09150000, 0x09b871a8, 0x09b87200, 0x09c00000)
 Metaspace       used 4776K, capacity 5188K, committed 5248K, reserved 5504K
}

