# JRE version: Java(TM) SE Runtime Environment (8.0_101-b13) (build 1.8.0_101-b13)
# Java VM: Java HotSpot(TM) Client VM (25.101-b13 mixed mode, sharing windows-x86 )
Heap:
 def new generation   total 4928K, used 3957K [0x03c00000, 0x04150000, 0x09150000)
  eden space 4416K,  78% used [0x03c00000, 0x03f5d7f0, 0x04050000)
  from space 512K, 100% used [0x040d0000, 0x04150000, 0x04150000)
  to   space 512K,   0% used [0x04050000, 0x04050000, 0x040d0000)
 tenured generation   total 10944K, used 10448K [0x09150000, 0x09c00000, 0x13c00000)
   the space 10944K,  95% used [0x09150000, 0x09b84010, 0x09b84200, 0x09c00000)
 Metaspace       used 5129K, capacity 5508K, committed 5632K, reserved 6528K
GC Heap History (10 events):
Event: 0.697 GC heap before
{Heap before GC invocations=2 (full 0):
 def new generation   total 4928K, used 4928K [0x03c00000, 0x04150000, 0x09150000)
  eden space 4416K, 100% used [0x03c00000, 0x04050000, 0x04050000)
  from space 512K, 100% used [0x04050000, 0x040d0000, 0x040d0000)
  to   space 512K,   0% used [0x040d0000, 0x040d0000, 0x04150000)
 tenured generation   total 10944K, used 2206K [0x09150000, 0x09c00000, 0x13c00000)
   the space 10944K,  20% used [0x09150000, 0x093779c8, 0x09377a00, 0x09c00000)
 Metaspace       used 3102K, capacity 4262K, committed 4288K, reserved 4480K
Event: 0.704 GC heap after
Heap after GC invocations=3 (full 0):
 def new generation   total 4928K, used 512K [0x03c00000, 0x04150000, 0x09150000)
  eden space 4416K,   0% used [0x03c00000, 0x03c00000, 0x04050000)
  from space 512K, 100% used [0x040d0000, 0x04150000, 0x04150000)
  to   space 512K,   0% used [0x04050000, 0x04050000, 0x040d0000)
 tenured generation   total 10944K, used 4311K [0x09150000, 0x09c00000, 0x13c00000)
   the space 10944K,  39% used [0x09150000, 0x09585fc0, 0x09586000, 0x09c00000)
 Metaspace       used 3102K, capacity 4262K, committed 4288K, reserved 4480K
}
Event: 0.855 GC heap before
{Heap before GC invocations=3 (full 0):
 def new generation   total 4928K, used 2251K [0x03c00000, 0x04150000, 0x09150000)
  eden space 4416K,  39% used [0x03c00000, 0x03db2fe0, 0x04050000)
  from space 512K, 100% used [0x040d0000, 0x04150000, 0x04150000)
  to   space 512K,   0% used [0x04050000, 0x04050000, 0x040d0000)
 tenured generation   total 10944K, used 4311K [0x09150000, 0x09c00000, 0x13c00000)
   the space 10944K,  39% used [0x09150000, 0x09585fc0, 0x09586000, 0x09c00000)
 Metaspace       used 3605K, capacity 4344K, committed 4416K, reserved 4480K
Event: 0.860 GC heap after
Heap after GC invocations=4 (full 0):
 def new generation   total 4928K, used 512K [0x03c00000, 0x04150000, 0x09150000)
  eden space 4416K,   0% used [0x03c00000, 0x03c00000, 0x04050000)
  from space 512K, 100% used [0x04050000, 0x040d0000, 0x040d0000)
  to   space 512K,   0% used [0x040d0000, 0x040d0000, 0x04150000)
 tenured generation   total 10944K, used 4954K [0x09150000, 0x09c00000, 0x13c00000)
   the space 10944K,  45% used [0x09150000, 0x09626ab8, 0x09626c00, 0x09c00000)
 Metaspace       used 3605K, capacity 4344K, committed 4416K, reserved 4480K
}
Event: 0.873 GC heap before
{Heap before GC invocations=4 (full 0):
 def new generation   total 4928K, used 4928K [0x03c00000, 0x04150000, 0x09150000)
  eden space 4416K, 100% used [0x03c00000, 0x04050000, 0x04050000)
  from space 512K, 100% used [0x04050000, 0x040d0000, 0x040d0000)
  to   space 512K,   0% used [0x040d0000, 0x040d0000, 0x04150000)
 tenured generation   total 10944K, used 4954K [0x09150000, 0x09c00000, 0x13c00000)
   the space 10944K,  45% used [0x09150000, 0x09626ab8, 0x09626c00, 0x09c00000)
 Metaspace       used 3673K, capacity 4344K, committed 4416K, reserved 4480K
Event: 0.880 GC heap after
Heap after GC invocations=5 (full 0):
 def new generation   total 4928K, used 6K [0x03c00000, 0x04150000, 0x09150000)
  eden space 4416K,   0% used [0x03c00000, 0x03c00000, 0x04050000)
  from space 512K,   1% used [0x040d0000, 0x040d1960, 0x04150000)
  to   space 512K,   0% used [0x04050000, 0x04050000, 0x040d0000)
 tenured generation   total 10944K, used 9576K [0x09150000, 0x09c00000, 0x13c00000)
   the space 10944K,  87% used [0x09150000, 0x09aaa000, 0x09aaa000, 0x09c00000)
 Metaspace       used 3673K, capacity 4344K, committed 4416K, reserved 4480K
}
Event: 3.260 GC heap before
{Heap before GC invocations=5 (full 0):
 def new generation   total 4928K, used 4422K [0x03c00000, 0x04150000, 0x09150000)
  eden space 4416K, 100% used [0x03c00000, 0x04050000, 0x04050000)
  from space 512K,   1% used [0x040d0000, 0x040d1960, 0x04150000)
  to   space 512K,   0% used [0x04050000, 0x04050000, 0x040d0000)
 tenured generation   total 10944K, used 9576K [0x09150000, 0x09c00000, 0x13c00000)
   the space 10944K,  87% used [0x09150000, 0x09aaa000, 0x09aaa000, 0x09c00000)
 Metaspace       used 3861K, capacity 4354K, committed 4416K, reserved 4480K
Event: 3.265 GC heap after
Heap after GC invocations=6 (full 0):
 def new generation   total 4928K, used 512K [0x03c00000, 0x04150000, 0x09150000)
  eden space 4416K,   0% used [0x03c00000, 0x03c00000, 0x04050000)
  from space 512K, 100% used [0x04050000, 0x040d0000, 0x040d0000)
  to   space 512K,   0% used [0x040d0000, 0x040d0000, 0x04150000)
 tenured generation   total 10944K, used 9675K [0x09150000, 0x09c00000, 0x13c00000)
   the space 10944K,  88% used [0x09150000, 0x09ac2d30, 0x09ac2e00, 0x09c00000)
 Metaspace       used 3861K, capacity 4354K, committed 4416K, reserved 4480K
}
Event: 5.851 GC heap before
{Heap before GC invocations=6 (full 0):
 def new generation   total 4928K, used 4928K [0x03c00000, 0x04150000, 0x09150000)
  eden space 4416K, 100% used [0x03c00000, 0x04050000, 0x04050000)
  from space 512K, 100% used [0x04050000, 0x040d0000, 0x040d0000)
  to   space 512K,   0% used [0x040d0000, 0x040d0000, 0x04150000)
 tenured generation   total 10944K, used 9675K [0x09150000, 0x09c00000, 0x13c00000)
   the space 10944K,  88% used [0x09150000, 0x09ac2d30, 0x09ac2e00, 0x09c00000)
 Metaspace       used 4622K, capacity 5028K, committed 5120K, reserved 5504K
Event: 5.854 GC heap after
Heap after GC invocations=7 (full 0):
 def new generation   total 4928K, used 512K [0x03c00000, 0x04150000, 0x09150000)
  eden space 4416K,   0% used [0x03c00000, 0x03c00000, 0x04050000)
  from space 512K, 100% used [0x040d0000, 0x04150000, 0x04150000)
  to   space 512K,   0% used [0x04050000, 0x04050000, 0x040d0000)
 tenured generation   total 10944K, used 10448K [0x09150000, 0x09c00000, 0x13c00000)
   the space 10944K,  95% used [0x09150000, 0x09b84010, 0x09b84200, 0x09c00000)
 Metaspace       used 4622K, capacity 5028K, committed 5120K, reserved 5504K
}

