# JRE version: Java(TM) SE Runtime Environment (8.0_101-b13) (build 1.8.0_101-b13)
# Java VM: Java HotSpot(TM) Client VM (25.101-b13 mixed mode, sharing windows-x86 )
Heap:
 def new generation   total 7232K, used 3459K [0x03c00000, 0x043d0000, 0x09150000)
  eden space 6464K,  41% used [0x03c00000, 0x03ea0e28, 0x04250000)
  from space 768K, 100% used [0x04310000, 0x043d0000, 0x043d0000)
  to   space 768K,   0% used [0x04250000, 0x04250000, 0x04310000)
 tenured generation   total 15944K, used 14567K [0x09150000, 0x0a0e2000, 0x13c00000)
   the space 15944K,  91% used [0x09150000, 0x09f89ec0, 0x09f8a000, 0x0a0e2000)
 Metaspace       used 5197K, capacity 5523K, committed 5632K, reserved 6528K
GC Heap History (10 events):
Event: 52.132 GC heap before
{Heap before GC invocations=15 (full 3):
 def new generation   total 4992K, used 3924K [0x03c00000, 0x04160000, 0x09150000)
  eden space 4480K,  76% used [0x03c00000, 0x03f59ad8, 0x04060000)
  from space 512K,  96% used [0x04060000, 0x040db768, 0x040e0000)
  to   space 512K,   0% used [0x040e0000, 0x040e0000, 0x04160000)
 tenured generation   total 10944K, used 10328K [0x09150000, 0x09c00000, 0x13c00000)
   the space 10944K,  94% used [0x09150000, 0x09b66188, 0x09b66200, 0x09c00000)
 Metaspace       used 3968K, capacity 4388K, committed 4416K, reserved 4480K
Event: 52.135 GC heap after
Heap after GC invocations=16 (full 3):
 def new generation   total 4992K, used 417K [0x03c00000, 0x04160000, 0x09150000)
  eden space 4480K,   0% used [0x03c00000, 0x03c00000, 0x04060000)
  from space 512K,  81% used [0x040e0000, 0x041485d8, 0x04160000)
  to   space 512K,   0% used [0x04060000, 0x04060000, 0x040e0000)
 tenured generation   total 10944K, used 10738K [0x09150000, 0x09c00000, 0x13c00000)
   the space 10944K,  98% used [0x09150000, 0x09bcc830, 0x09bcca00, 0x09c00000)
 Metaspace       used 3968K, capacity 4388K, committed 4416K, reserved 4480K
}
Event: 52.172 GC heap before
{Heap before GC invocations=16 (full 3):
 def new generation   total 4992K, used 4897K [0x03c00000, 0x04160000, 0x09150000)
  eden space 4480K, 100% used [0x03c00000, 0x04060000, 0x04060000)
  from space 512K,  81% used [0x040e0000, 0x041485d8, 0x04160000)
  to   space 512K,   0% used [0x04060000, 0x04060000, 0x040e0000)
 tenured generation   total 10944K, used 10738K [0x09150000, 0x09c00000, 0x13c00000)
   the space 10944K,  98% used [0x09150000, 0x09bcc830, 0x09bcca00, 0x09c00000)
 Metaspace       used 3968K, capacity 4388K, committed 4416K, reserved 4480K
Event: 52.205 GC heap after
Heap after GC invocations=17 (full 4):
 def new generation   total 7232K, used 0K [0x03c00000, 0x043d0000, 0x09150000)
  eden space 6464K,   0% used [0x03c00000, 0x03c00000, 0x04250000)
  from space 768K,   0% used [0x04250000, 0x04250000, 0x04310000)
  to   space 768K,   0% used [0x04310000, 0x04310000, 0x043d0000)
 tenured generation   total 15944K, used 9566K [0x09150000, 0x0a0e2000, 0x13c00000)
   the space 15944K,  59% used [0x09150000, 0x09aa7950, 0x09aa7a00, 0x0a0e2000)
 Metaspace       used 3968K, capacity 4388K, committed 4416K, reserved 4480K
}
Event: 57.899 GC heap before
{Heap before GC invocations=17 (full 4):
 def new generation   total 7232K, used 2772K [0x03c00000, 0x043d0000, 0x09150000)
  eden space 6464K,  42% used [0x03c00000, 0x03eb5118, 0x04250000)
  from space 768K,   0% used [0x04250000, 0x04250000, 0x04310000)
  to   space 768K,   0% used [0x04310000, 0x04310000, 0x043d0000)
 tenured generation   total 15944K, used 9566K [0x09150000, 0x0a0e2000, 0x13c00000)
   the space 15944K,  59% used [0x09150000, 0x09aa7950, 0x09aa7a00, 0x0a0e2000)
 Metaspace       used 3976K, capacity 4398K, committed 4416K, reserved 4480K
Event: 57.902 GC heap after
Heap after GC invocations=18 (full 4):
 def new generation   total 7232K, used 531K [0x03c00000, 0x043d0000, 0x09150000)
  eden space 6464K,   0% used [0x03c00000, 0x03c00000, 0x04250000)
  from space 768K,  69% used [0x04310000, 0x04394db8, 0x043d0000)
  to   space 768K,   0% used [0x04250000, 0x04250000, 0x04310000)
 tenured generation   total 15944K, used 9566K [0x09150000, 0x0a0e2000, 0x13c00000)
   the space 15944K,  59% used [0x09150000, 0x09aa7950, 0x09aa7a00, 0x0a0e2000)
 Metaspace       used 3976K, capacity 4398K, committed 4416K, reserved 4480K
}
Event: 59.257 GC heap before
{Heap before GC invocations=18 (full 4):
 def new generation   total 7232K, used 6995K [0x03c00000, 0x043d0000, 0x09150000)
  eden space 6464K, 100% used [0x03c00000, 0x04250000, 0x04250000)
  from space 768K,  69% used [0x04310000, 0x04394db8, 0x043d0000)
  to   space 768K,   0% used [0x04250000, 0x04250000, 0x04310000)
 tenured generation   total 15944K, used 9566K [0x09150000, 0x0a0e2000, 0x13c00000)
   the space 15944K,  59% used [0x09150000, 0x09aa7950, 0x09aa7a00, 0x0a0e2000)
 Metaspace       used 3981K, capacity 4398K, committed 4416K, reserved 4480K
Event: 59.264 GC heap after
Heap after GC invocations=19 (full 4):
 def new generation   total 7232K, used 78K [0x03c00000, 0x043d0000, 0x09150000)
  eden space 6464K,   0% used [0x03c00000, 0x03c00000, 0x04250000)
  from space 768K,  10% used [0x04250000, 0x04263bd8, 0x04310000)
  to   space 768K,   0% used [0x04310000, 0x04310000, 0x043d0000)
 tenured generation   total 15944K, used 14173K [0x09150000, 0x0a0e2000, 0x13c00000)
   the space 15944K,  88% used [0x09150000, 0x09f275a0, 0x09f27600, 0x0a0e2000)
 Metaspace       used 3981K, capacity 4398K, committed 4416K, reserved 4480K
}
Event: 66.028 GC heap before
{Heap before GC invocations=19 (full 4):
 def new generation   total 7232K, used 6542K [0x03c00000, 0x043d0000, 0x09150000)
  eden space 6464K, 100% used [0x03c00000, 0x04250000, 0x04250000)
  from space 768K,  10% used [0x04250000, 0x04263bd8, 0x04310000)
  to   space 768K,   0% used [0x04310000, 0x04310000, 0x043d0000)
 tenured generation   total 15944K, used 14173K [0x09150000, 0x0a0e2000, 0x13c00000)
   the space 15944K,  88% used [0x09150000, 0x09f275a0, 0x09f27600, 0x0a0e2000)
 Metaspace       used 4868K, capacity 5198K, committed 5248K, reserved 5504K
Event: 66.031 GC heap after
Heap after GC invocations=20 (full 4):
 def new generation   total 7232K, used 768K [0x03c00000, 0x043d0000, 0x09150000)
  eden space 6464K,   0% used [0x03c00000, 0x03c00000, 0x04250000)
  from space 768K, 100% used [0x04310000, 0x043d0000, 0x043d0000)
  to   space 768K,   0% used [0x04250000, 0x04250000, 0x04310000)
 tenured generation   total 15944K, used 14567K [0x09150000, 0x0a0e2000, 0x13c00000)
   the space 15944K,  91% used [0x09150000, 0x09f89ec0, 0x09f8a000, 0x0a0e2000)
 Metaspace       used 4868K, capacity 5198K, committed 5248K, reserved 5504K
}

