# JRE version: Java(TM) SE Runtime Environment (8.0_101-b13) (build 1.8.0_101-b13)
# Java VM: Java HotSpot(TM) Client VM (25.101-b13 mixed mode, sharing windows-x86 )
Heap:
 def new generation   total 11264K, used 2374K [0x03c00000, 0x04830000, 0x09150000)
  eden space 10048K,  11% used [0x03c00000, 0x03d21a58, 0x045d0000)
  from space 1216K, 100% used [0x04700000, 0x04830000, 0x04830000)
  to   space 1216K,   0% used [0x045d0000, 0x045d0000, 0x04700000)
 tenured generation   total 24852K, used 15260K [0x09150000, 0x0a995000, 0x13c00000)
   the space 24852K,  61% used [0x09150000, 0x0a037080, 0x0a037200, 0x0a995000)
 Metaspace       used 5116K, capacity 5479K, committed 5504K, reserved 5504K
GC Heap History (10 events):
Event: 0.777 GC heap before
{Heap before GC invocations=3 (full 0):
 def new generation   total 4928K, used 2517K [0x03c00000, 0x04150000, 0x09150000)
  eden space 4416K,  45% used [0x03c00000, 0x03df5608, 0x04050000)
  from space 512K, 100% used [0x040d0000, 0x04150000, 0x04150000)
  to   space 512K,   0% used [0x04050000, 0x04050000, 0x040d0000)
 tenured generation   total 10944K, used 4296K [0x09150000, 0x09c00000, 0x13c00000)
   the space 10944K,  39% used [0x09150000, 0x09582060, 0x09582200, 0x09c00000)
 Metaspace       used 3449K, capacity 4329K, committed 4416K, reserved 4480K
Event: 0.783 GC heap after
Heap after GC invocations=4 (full 0):
 def new generation   total 4928K, used 512K [0x03c00000, 0x04150000, 0x09150000)
  eden space 4416K,   0% used [0x03c00000, 0x03c00000, 0x04050000)
  from space 512K, 100% used [0x04050000, 0x040d0000, 0x040d0000)
  to   space 512K,   0% used [0x040d0000, 0x040d0000, 0x04150000)
 tenured generation   total 10944K, used 5103K [0x09150000, 0x09c00000, 0x13c00000)
   the space 10944K,  46% used [0x09150000, 0x0964bc18, 0x0964be00, 0x09c00000)
 Metaspace       used 3449K, capacity 4329K, committed 4416K, reserved 4480K
}
Event: 0.809 GC heap before
{Heap before GC invocations=4 (full 0):
 def new generation   total 4928K, used 4919K [0x03c00000, 0x04150000, 0x09150000)
  eden space 4416K,  99% used [0x03c00000, 0x0404de88, 0x04050000)
  from space 512K, 100% used [0x04050000, 0x040d0000, 0x040d0000)
  to   space 512K,   0% used [0x040d0000, 0x040d0000, 0x04150000)
 tenured generation   total 10944K, used 5103K [0x09150000, 0x09c00000, 0x13c00000)
   the space 10944K,  46% used [0x09150000, 0x0964bc18, 0x0964be00, 0x09c00000)
 Metaspace       used 3525K, capacity 4329K, committed 4416K, reserved 4480K
Event: 0.817 GC heap after
Heap after GC invocations=5 (full 0):
 def new generation   total 4928K, used 77K [0x03c00000, 0x04150000, 0x09150000)
  eden space 4416K,   0% used [0x03c00000, 0x03c00000, 0x04050000)
  from space 512K,  15% used [0x040d0000, 0x040e37e0, 0x04150000)
  to   space 512K,   0% used [0x04050000, 0x04050000, 0x040d0000)
 tenured generation   total 10944K, used 9724K [0x09150000, 0x09c00000, 0x13c00000)
   the space 10944K,  88% used [0x09150000, 0x09acf130, 0x09acf200, 0x09c00000)
 Metaspace       used 3525K, capacity 4329K, committed 4416K, reserved 4480K
}
Event: 4.197 GC heap before
{Heap before GC invocations=5 (full 0):
 def new generation   total 4928K, used 3448K [0x03c00000, 0x04150000, 0x09150000)
  eden space 4416K,  76% used [0x03c00000, 0x03f4a978, 0x04050000)
  from space 512K,  15% used [0x040d0000, 0x040e37e0, 0x04150000)
  to   space 512K,   0% used [0x04050000, 0x04050000, 0x040d0000)
 tenured generation   total 10944K, used 9724K [0x09150000, 0x09c00000, 0x13c00000)
   the space 10944K,  88% used [0x09150000, 0x09acf130, 0x09acf200, 0x09c00000)
 Metaspace       used 3838K, capacity 4354K, committed 4416K, reserved 4480K
Event: 4.201 GC heap after
Heap after GC invocations=6 (full 0):
 def new generation   total 4928K, used 512K [0x03c00000, 0x04150000, 0x09150000)
  eden space 4416K,   0% used [0x03c00000, 0x03c00000, 0x04050000)
  from space 512K, 100% used [0x04050000, 0x040d0000, 0x040d0000)
  to   space 512K,   0% used [0x040d0000, 0x040d0000, 0x04150000)
 tenured generation   total 10944K, used 10295K [0x09150000, 0x09c00000, 0x13c00000)
   the space 10944K,  94% used [0x09150000, 0x09b5dd80, 0x09b5de00, 0x09c00000)
 Metaspace       used 3838K, capacity 4354K, committed 4416K, reserved 4480K
}
Event: 4.230 GC heap before
{Heap before GC invocations=6 (full 0):
 def new generation   total 4928K, used 4928K [0x03c00000, 0x04150000, 0x09150000)
  eden space 4416K, 100% used [0x03c00000, 0x04050000, 0x04050000)
  from space 512K, 100% used [0x04050000, 0x040d0000, 0x040d0000)
  to   space 512K,   0% used [0x040d0000, 0x040d0000, 0x04150000)
 tenured generation   total 10944K, used 10295K [0x09150000, 0x09c00000, 0x13c00000)
   the space 10944K,  94% used [0x09150000, 0x09b5dd80, 0x09b5de00, 0x09c00000)
 Metaspace       used 3838K, capacity 4354K, committed 4416K, reserved 4480K
Event: 4.256 GC heap after
Heap after GC invocations=7 (full 1):
 def new generation   total 11264K, used 0K [0x03c00000, 0x04830000, 0x09150000)
  eden space 10048K,   0% used [0x03c00000, 0x03c00000, 0x045d0000)
  from space 1216K,   0% used [0x045d0000, 0x045d0000, 0x04700000)
  to   space 1216K,   0% used [0x04700000, 0x04700000, 0x04830000)
 tenured generation   total 24852K, used 14909K [0x09150000, 0x0a995000, 0x13c00000)
   the space 24852K,  59% used [0x09150000, 0x09fdf6a0, 0x09fdf800, 0x0a995000)
 Metaspace       used 3838K, capacity 4354K, committed 4416K, reserved 4480K
}
Event: 16.431 GC heap before
{Heap before GC invocations=7 (full 1):
 def new generation   total 11264K, used 10048K [0x03c00000, 0x04830000, 0x09150000)
  eden space 10048K, 100% used [0x03c00000, 0x045d0000, 0x045d0000)
  from space 1216K,   0% used [0x045d0000, 0x045d0000, 0x04700000)
  to   space 1216K,   0% used [0x04700000, 0x04700000, 0x04830000)
 tenured generation   total 24852K, used 14909K [0x09150000, 0x0a995000, 0x13c00000)
   the space 24852K,  59% used [0x09150000, 0x09fdf6a0, 0x09fdf800, 0x0a995000)
 Metaspace       used 4940K, capacity 5316K, committed 5376K, reserved 5504K
Event: 16.436 GC heap after
Heap after GC invocations=8 (full 1):
 def new generation   total 11264K, used 1216K [0x03c00000, 0x04830000, 0x09150000)
  eden space 10048K,   0% used [0x03c00000, 0x03c00000, 0x045d0000)
  from space 1216K, 100% used [0x04700000, 0x04830000, 0x04830000)
  to   space 1216K,   0% used [0x045d0000, 0x045d0000, 0x04700000)
 tenured generation   total 24852K, used 15260K [0x09150000, 0x0a995000, 0x13c00000)
   the space 24852K,  61% used [0x09150000, 0x0a037080, 0x0a037200, 0x0a995000)
 Metaspace       used 4940K, capacity 5316K, committed 5376K, reserved 5504K
}

